<?xml version="1.0" encoding="UTF-8"?>
<!-- Generated by org.testng.reporters.JUnitXMLReporter -->
<testsuite hostname="IN01LAP00082" name="Test" tests="2" failures="1" timestamp="8 Sep 2018 03:35:31 GMT" time="29.337" errors="0">
  <testcase name="loginWithValidCredentials" time="6.994" classname="pageTests.LoginPageTests">
    <failure type="java.lang.AssertionError" message="expected [OrangeHRM1] but found [OrangeHRM]">
      <![CDATA[java.lang.AssertionError: expected [OrangeHRM1] but found [OrangeHRM]
	at pageTests.LoginPageTests.loginWithValidCredentials(LoginPageTests.java:46)
... Removed 28 stack frames]]>
    </failure>
  </testcase> <!-- loginWithValidCredentials -->
  <testcase name="loginWithInvalidCredentials" time="1.92" classname="pageTests.LoginPageTests"/>
</testsuite> <!-- Test -->
